<?xml version="1.0" encoding="UTF-8"?>
<testsuite xmlns:xsi="http://www.w3.org/2001/XMLSchema-instance" xsi:noNamespaceSchemaLocation="https://maven.apache.org/surefire/maven-surefire-plugin/xsd/surefire-test-report-3.0.xsd" version="3.0" name="com.siemens.internship.InternshipApplicationTests" time="12.977" tests="13" errors="0" skipped="0" failures="0">
  <properties>
    <property name="java.specification.version" value="23"/>
    <property name="sun.cpu.isalist" value="amd64"/>
    <property name="sun.jnu.encoding" value="Cp1250"/>
    <property name="java.class.path" value="D:\MPP\SiemensJava2025\target\test-classes;D:\MPP\SiemensJava2025\target\classes;C:\Users\lucia\.m2\repository\org\springframework\boot\spring-boot-starter-data-jpa\3.3.11\spring-boot-starter-data-jpa-3.3.11.jar;C:\Users\lucia\.m2\repository\org\springframework\boot\spring-boot-starter-aop\3.3.11\spring-boot-starter-aop-3.3.11.jar;C:\Users\lucia\.m2\repository\org\springframework\spring-aop\6.1.19\spring-aop-6.1.19.jar;C:\Users\lucia\.m2\repository\org\aspectj\aspectjweaver\1.9.24\aspectjweaver-1.9.24.jar;C:\Users\lucia\.m2\repository\org\springframework\boot\spring-boot-starter-jdbc\3.3.11\spring-boot-starter-jdbc-3.3.11.jar;C:\Users\lucia\.m2\repository\com\zaxxer\HikariCP\5.1.0\HikariCP-5.1.0.jar;C:\Users\lucia\.m2\repository\org\springframework\spring-jdbc\6.1.19\spring-jdbc-6.1.19.jar;C:\Users\lucia\.m2\repository\org\hibernate\orm\hibernate-core\6.5.3.Final\hibernate-core-6.5.3.Final.jar;C:\Users\lucia\.m2\repository\jakarta\persistence\jakarta.persistence-api\3.1.0\jakarta.persistence-api-3.1.0.jar;C:\Users\lucia\.m2\repository\jakarta\transaction\jakarta.transaction-api\2.0.1\jakarta.transaction-api-2.0.1.jar;C:\Users\lucia\.m2\repository\org\jboss\logging\jboss-logging\3.5.3.Final\jboss-logging-3.5.3.Final.jar;C:\Users\lucia\.m2\repository\org\hibernate\common\hibernate-commons-annotations\6.0.6.Final\hibernate-commons-annotations-6.0.6.Final.jar;C:\Users\lucia\.m2\repository\io\smallrye\jandex\3.1.2\jandex-3.1.2.jar;C:\Users\lucia\.m2\repository\com\fasterxml\classmate\1.7.0\classmate-1.7.0.jar;C:\Users\lucia\.m2\repository\net\bytebuddy\byte-buddy\1.14.19\byte-buddy-1.14.19.jar;C:\Users\lucia\.m2\repository\org\glassfish\jaxb\jaxb-runtime\4.0.5\jaxb-runtime-4.0.5.jar;C:\Users\lucia\.m2\repository\org\glassfish\jaxb\jaxb-core\4.0.5\jaxb-core-4.0.5.jar;C:\Users\lucia\.m2\repository\org\eclipse\angus\angus-activation\2.0.2\angus-activation-2.0.2.jar;C:\Users\lucia\.m2\repository\org\glassfish\jaxb\txw2\4.0.5\txw2-4.0.5.jar;C:\Users\lucia\.m2\repository\com\sun\istack\istack-commons-runtime\4.1.2\istack-commons-runtime-4.1.2.jar;C:\Users\lucia\.m2\repository\jakarta\inject\jakarta.inject-api\2.0.1\jakarta.inject-api-2.0.1.jar;C:\Users\lucia\.m2\repository\org\antlr\antlr4-runtime\4.13.0\antlr4-runtime-4.13.0.jar;C:\Users\lucia\.m2\repository\org\springframework\data\spring-data-jpa\3.3.11\spring-data-jpa-3.3.11.jar;C:\Users\lucia\.m2\repository\org\springframework\data\spring-data-commons\3.3.11\spring-data-commons-3.3.11.jar;C:\Users\lucia\.m2\repository\org\springframework\spring-orm\6.1.19\spring-orm-6.1.19.jar;C:\Users\lucia\.m2\repository\org\springframework\spring-context\6.1.19\spring-context-6.1.19.jar;C:\Users\lucia\.m2\repository\org\springframework\spring-tx\6.1.19\spring-tx-6.1.19.jar;C:\Users\lucia\.m2\repository\org\springframework\spring-beans\6.1.19\spring-beans-6.1.19.jar;C:\Users\lucia\.m2\repository\jakarta\annotation\jakarta.annotation-api\2.1.1\jakarta.annotation-api-2.1.1.jar;C:\Users\lucia\.m2\repository\org\slf4j\slf4j-api\2.0.17\slf4j-api-2.0.17.jar;C:\Users\lucia\.m2\repository\org\springframework\spring-aspects\6.1.19\spring-aspects-6.1.19.jar;C:\Users\lucia\.m2\repository\org\springframework\boot\spring-boot-starter-web\3.3.11\spring-boot-starter-web-3.3.11.jar;C:\Users\lucia\.m2\repository\org\springframework\boot\spring-boot-starter\3.3.11\spring-boot-starter-3.3.11.jar;C:\Users\lucia\.m2\repository\org\springframework\boot\spring-boot\3.3.11\spring-boot-3.3.11.jar;C:\Users\lucia\.m2\repository\org\springframework\boot\spring-boot-autoconfigure\3.3.11\spring-boot-autoconfigure-3.3.11.jar;C:\Users\lucia\.m2\repository\org\springframework\boot\spring-boot-starter-logging\3.3.11\spring-boot-starter-logging-3.3.11.jar;C:\Users\lucia\.m2\repository\ch\qos\logback\logback-classic\1.5.18\logback-classic-1.5.18.jar;C:\Users\lucia\.m2\repository\ch\qos\logback\logback-core\1.5.18\logback-core-1.5.18.jar;C:\Users\lucia\.m2\repository\org\apache\logging\log4j\log4j-to-slf4j\2.23.1\log4j-to-slf4j-2.23.1.jar;C:\Users\lucia\.m2\repository\org\apache\logging\log4j\log4j-api\2.23.1\log4j-api-2.23.1.jar;C:\Users\lucia\.m2\repository\org\slf4j\jul-to-slf4j\2.0.17\jul-to-slf4j-2.0.17.jar;C:\Users\lucia\.m2\repository\org\yaml\snakeyaml\2.2\snakeyaml-2.2.jar;C:\Users\lucia\.m2\repository\org\springframework\boot\spring-boot-starter-json\3.3.11\spring-boot-starter-json-3.3.11.jar;C:\Users\lucia\.m2\repository\com\fasterxml\jackson\core\jackson-databind\2.17.3\jackson-databind-2.17.3.jar;C:\Users\lucia\.m2\repository\com\fasterxml\jackson\core\jackson-annotations\2.17.3\jackson-annotations-2.17.3.jar;C:\Users\lucia\.m2\repository\com\fasterxml\jackson\core\jackson-core\2.17.3\jackson-core-2.17.3.jar;C:\Users\lucia\.m2\repository\com\fasterxml\jackson\datatype\jackson-datatype-jdk8\2.17.3\jackson-datatype-jdk8-2.17.3.jar;C:\Users\lucia\.m2\repository\com\fasterxml\jackson\datatype\jackson-datatype-jsr310\2.17.3\jackson-datatype-jsr310-2.17.3.jar;C:\Users\lucia\.m2\repository\com\fasterxml\jackson\module\jackson-module-parameter-names\2.17.3\jackson-module-parameter-names-2.17.3.jar;C:\Users\lucia\.m2\repository\org\springframework\boot\spring-boot-starter-tomcat\3.3.11\spring-boot-starter-tomcat-3.3.11.jar;C:\Users\lucia\.m2\repository\org\apache\tomcat\embed\tomcat-embed-core\10.1.40\tomcat-embed-core-10.1.40.jar;C:\Users\lucia\.m2\repository\org\apache\tomcat\embed\tomcat-embed-el\10.1.40\tomcat-embed-el-10.1.40.jar;C:\Users\lucia\.m2\repository\org\apache\tomcat\embed\tomcat-embed-websocket\10.1.40\tomcat-embed-websocket-10.1.40.jar;C:\Users\lucia\.m2\repository\org\springframework\spring-web\6.1.19\spring-web-6.1.19.jar;C:\Users\lucia\.m2\repository\io\micrometer\micrometer-observation\1.13.13\micrometer-observation-1.13.13.jar;C:\Users\lucia\.m2\repository\io\micrometer\micrometer-commons\1.13.13\micrometer-commons-1.13.13.jar;C:\Users\lucia\.m2\repository\org\springframework\spring-webmvc\6.1.19\spring-webmvc-6.1.19.jar;C:\Users\lucia\.m2\repository\org\springframework\spring-expression\6.1.19\spring-expression-6.1.19.jar;C:\Users\lucia\.m2\repository\com\h2database\h2\2.2.224\h2-2.2.224.jar;C:\Users\lucia\.m2\repository\org\springframework\boot\spring-boot-starter-test\3.3.11\spring-boot-starter-test-3.3.11.jar;C:\Users\lucia\.m2\repository\org\springframework\boot\spring-boot-test\3.3.11\spring-boot-test-3.3.11.jar;C:\Users\lucia\.m2\repository\org\springframework\boot\spring-boot-test-autoconfigure\3.3.11\spring-boot-test-autoconfigure-3.3.11.jar;C:\Users\lucia\.m2\repository\com\jayway\jsonpath\json-path\2.9.0\json-path-2.9.0.jar;C:\Users\lucia\.m2\repository\jakarta\xml\bind\jakarta.xml.bind-api\4.0.2\jakarta.xml.bind-api-4.0.2.jar;C:\Users\lucia\.m2\repository\jakarta\activation\jakarta.activation-api\2.1.3\jakarta.activation-api-2.1.3.jar;C:\Users\lucia\.m2\repository\net\minidev\json-smart\2.5.2\json-smart-2.5.2.jar;C:\Users\lucia\.m2\repository\net\minidev\accessors-smart\2.5.2\accessors-smart-2.5.2.jar;C:\Users\lucia\.m2\repository\org\ow2\asm\asm\9.7.1\asm-9.7.1.jar;C:\Users\lucia\.m2\repository\org\assertj\assertj-core\3.25.3\assertj-core-3.25.3.jar;C:\Users\lucia\.m2\repository\org\awaitility\awaitility\4.2.2\awaitility-4.2.2.jar;C:\Users\lucia\.m2\repository\org\hamcrest\hamcrest\2.2\hamcrest-2.2.jar;C:\Users\lucia\.m2\repository\org\junit\jupiter\junit-jupiter\5.10.5\junit-jupiter-5.10.5.jar;C:\Users\lucia\.m2\repository\org\junit\jupiter\junit-jupiter-api\5.10.5\junit-jupiter-api-5.10.5.jar;C:\Users\lucia\.m2\repository\org\opentest4j\opentest4j\1.3.0\opentest4j-1.3.0.jar;C:\Users\lucia\.m2\repository\org\junit\platform\junit-platform-commons\1.10.5\junit-platform-commons-1.10.5.jar;C:\Users\lucia\.m2\repository\org\apiguardian\apiguardian-api\1.1.2\apiguardian-api-1.1.2.jar;C:\Users\lucia\.m2\repository\org\junit\jupiter\junit-jupiter-params\5.10.5\junit-jupiter-params-5.10.5.jar;C:\Users\lucia\.m2\repository\org\junit\jupiter\junit-jupiter-engine\5.10.5\junit-jupiter-engine-5.10.5.jar;C:\Users\lucia\.m2\repository\org\junit\platform\junit-platform-engine\1.10.5\junit-platform-engine-1.10.5.jar;C:\Users\lucia\.m2\repository\org\mockito\mockito-core\5.11.0\mockito-core-5.11.0.jar;C:\Users\lucia\.m2\repository\net\bytebuddy\byte-buddy-agent\1.14.19\byte-buddy-agent-1.14.19.jar;C:\Users\lucia\.m2\repository\org\objenesis\objenesis\3.3\objenesis-3.3.jar;C:\Users\lucia\.m2\repository\org\mockito\mockito-junit-jupiter\5.11.0\mockito-junit-jupiter-5.11.0.jar;C:\Users\lucia\.m2\repository\org\skyscreamer\jsonassert\1.5.3\jsonassert-1.5.3.jar;C:\Users\lucia\.m2\repository\com\vaadin\external\google\android-json\0.0.20131108.vaadin1\android-json-0.0.20131108.vaadin1.jar;C:\Users\lucia\.m2\repository\org\springframework\spring-core\6.1.19\spring-core-6.1.19.jar;C:\Users\lucia\.m2\repository\org\springframework\spring-jcl\6.1.19\spring-jcl-6.1.19.jar;C:\Users\lucia\.m2\repository\org\springframework\spring-test\6.1.19\spring-test-6.1.19.jar;C:\Users\lucia\.m2\repository\org\xmlunit\xmlunit-core\2.9.1\xmlunit-core-2.9.1.jar;C:\Users\lucia\.m2\repository\org\projectlombok\lombok\1.18.32\lombok-1.18.32.jar;C:\Users\lucia\.m2\repository\jakarta\validation\jakarta.validation-api\3.0.2\jakarta.validation-api-3.0.2.jar;"/>
    <property name="java.vm.vendor" value="Oracle Corporation"/>
    <property name="sun.arch.data.model" value="64"/>
    <property name="user.variant" value=""/>
    <property name="java.vendor.url" value="https://java.oracle.com/"/>
    <property name="user.timezone" value="Europe/Bucharest"/>
    <property name="org.jboss.logging.provider" value="slf4j"/>
    <property name="os.name" value="Windows 11"/>
    <property name="java.vm.specification.version" value="23"/>
    <property name="sun.java.launcher" value="SUN_STANDARD"/>
    <property name="user.country" value="GB"/>
    <property name="sun.boot.library.path" value="C:\Users\lucia\.jdks\openjdk-23.0.1\bin"/>
    <property name="sun.java.command" value="C:\Users\lucia\AppData\Local\Temp\surefire12176968183508818308\surefirebooter-20250511230018307_3.jar C:\Users\lucia\AppData\Local\Temp\surefire12176968183508818308 2025-05-11T23-00-17_958-jvmRun1 surefire-20250511230018307_1tmp surefire_0-20250511230018307_2tmp"/>
    <property name="jdk.debug" value="release"/>
    <property name="surefire.test.class.path" value="D:\MPP\SiemensJava2025\target\test-classes;D:\MPP\SiemensJava2025\target\classes;C:\Users\lucia\.m2\repository\org\springframework\boot\spring-boot-starter-data-jpa\3.3.11\spring-boot-starter-data-jpa-3.3.11.jar;C:\Users\lucia\.m2\repository\org\springframework\boot\spring-boot-starter-aop\3.3.11\spring-boot-starter-aop-3.3.11.jar;C:\Users\lucia\.m2\repository\org\springframework\spring-aop\6.1.19\spring-aop-6.1.19.jar;C:\Users\lucia\.m2\repository\org\aspectj\aspectjweaver\1.9.24\aspectjweaver-1.9.24.jar;C:\Users\lucia\.m2\repository\org\springframework\boot\spring-boot-starter-jdbc\3.3.11\spring-boot-starter-jdbc-3.3.11.jar;C:\Users\lucia\.m2\repository\com\zaxxer\HikariCP\5.1.0\HikariCP-5.1.0.jar;C:\Users\lucia\.m2\repository\org\springframework\spring-jdbc\6.1.19\spring-jdbc-6.1.19.jar;C:\Users\lucia\.m2\repository\org\hibernate\orm\hibernate-core\6.5.3.Final\hibernate-core-6.5.3.Final.jar;C:\Users\lucia\.m2\repository\jakarta\persistence\jakarta.persistence-api\3.1.0\jakarta.persistence-api-3.1.0.jar;C:\Users\lucia\.m2\repository\jakarta\transaction\jakarta.transaction-api\2.0.1\jakarta.transaction-api-2.0.1.jar;C:\Users\lucia\.m2\repository\org\jboss\logging\jboss-logging\3.5.3.Final\jboss-logging-3.5.3.Final.jar;C:\Users\lucia\.m2\repository\org\hibernate\common\hibernate-commons-annotations\6.0.6.Final\hibernate-commons-annotations-6.0.6.Final.jar;C:\Users\lucia\.m2\repository\io\smallrye\jandex\3.1.2\jandex-3.1.2.jar;C:\Users\lucia\.m2\repository\com\fasterxml\classmate\1.7.0\classmate-1.7.0.jar;C:\Users\lucia\.m2\repository\net\bytebuddy\byte-buddy\1.14.19\byte-buddy-1.14.19.jar;C:\Users\lucia\.m2\repository\org\glassfish\jaxb\jaxb-runtime\4.0.5\jaxb-runtime-4.0.5.jar;C:\Users\lucia\.m2\repository\org\glassfish\jaxb\jaxb-core\4.0.5\jaxb-core-4.0.5.jar;C:\Users\lucia\.m2\repository\org\eclipse\angus\angus-activation\2.0.2\angus-activation-2.0.2.jar;C:\Users\lucia\.m2\repository\org\glassfish\jaxb\txw2\4.0.5\txw2-4.0.5.jar;C:\Users\lucia\.m2\repository\com\sun\istack\istack-commons-runtime\4.1.2\istack-commons-runtime-4.1.2.jar;C:\Users\lucia\.m2\repository\jakarta\inject\jakarta.inject-api\2.0.1\jakarta.inject-api-2.0.1.jar;C:\Users\lucia\.m2\repository\org\antlr\antlr4-runtime\4.13.0\antlr4-runtime-4.13.0.jar;C:\Users\lucia\.m2\repository\org\springframework\data\spring-data-jpa\3.3.11\spring-data-jpa-3.3.11.jar;C:\Users\lucia\.m2\repository\org\springframework\data\spring-data-commons\3.3.11\spring-data-commons-3.3.11.jar;C:\Users\lucia\.m2\repository\org\springframework\spring-orm\6.1.19\spring-orm-6.1.19.jar;C:\Users\lucia\.m2\repository\org\springframework\spring-context\6.1.19\spring-context-6.1.19.jar;C:\Users\lucia\.m2\repository\org\springframework\spring-tx\6.1.19\spring-tx-6.1.19.jar;C:\Users\lucia\.m2\repository\org\springframework\spring-beans\6.1.19\spring-beans-6.1.19.jar;C:\Users\lucia\.m2\repository\jakarta\annotation\jakarta.annotation-api\2.1.1\jakarta.annotation-api-2.1.1.jar;C:\Users\lucia\.m2\repository\org\slf4j\slf4j-api\2.0.17\slf4j-api-2.0.17.jar;C:\Users\lucia\.m2\repository\org\springframework\spring-aspects\6.1.19\spring-aspects-6.1.19.jar;C:\Users\lucia\.m2\repository\org\springframework\boot\spring-boot-starter-web\3.3.11\spring-boot-starter-web-3.3.11.jar;C:\Users\lucia\.m2\repository\org\springframework\boot\spring-boot-starter\3.3.11\spring-boot-starter-3.3.11.jar;C:\Users\lucia\.m2\repository\org\springframework\boot\spring-boot\3.3.11\spring-boot-3.3.11.jar;C:\Users\lucia\.m2\repository\org\springframework\boot\spring-boot-autoconfigure\3.3.11\spring-boot-autoconfigure-3.3.11.jar;C:\Users\lucia\.m2\repository\org\springframework\boot\spring-boot-starter-logging\3.3.11\spring-boot-starter-logging-3.3.11.jar;C:\Users\lucia\.m2\repository\ch\qos\logback\logback-classic\1.5.18\logback-classic-1.5.18.jar;C:\Users\lucia\.m2\repository\ch\qos\logback\logback-core\1.5.18\logback-core-1.5.18.jar;C:\Users\lucia\.m2\repository\org\apache\logging\log4j\log4j-to-slf4j\2.23.1\log4j-to-slf4j-2.23.1.jar;C:\Users\lucia\.m2\repository\org\apache\logging\log4j\log4j-api\2.23.1\log4j-api-2.23.1.jar;C:\Users\lucia\.m2\repository\org\slf4j\jul-to-slf4j\2.0.17\jul-to-slf4j-2.0.17.jar;C:\Users\lucia\.m2\repository\org\yaml\snakeyaml\2.2\snakeyaml-2.2.jar;C:\Users\lucia\.m2\repository\org\springframework\boot\spring-boot-starter-json\3.3.11\spring-boot-starter-json-3.3.11.jar;C:\Users\lucia\.m2\repository\com\fasterxml\jackson\core\jackson-databind\2.17.3\jackson-databind-2.17.3.jar;C:\Users\lucia\.m2\repository\com\fasterxml\jackson\core\jackson-annotations\2.17.3\jackson-annotations-2.17.3.jar;C:\Users\lucia\.m2\repository\com\fasterxml\jackson\core\jackson-core\2.17.3\jackson-core-2.17.3.jar;C:\Users\lucia\.m2\repository\com\fasterxml\jackson\datatype\jackson-datatype-jdk8\2.17.3\jackson-datatype-jdk8-2.17.3.jar;C:\Users\lucia\.m2\repository\com\fasterxml\jackson\datatype\jackson-datatype-jsr310\2.17.3\jackson-datatype-jsr310-2.17.3.jar;C:\Users\lucia\.m2\repository\com\fasterxml\jackson\module\jackson-module-parameter-names\2.17.3\jackson-module-parameter-names-2.17.3.jar;C:\Users\lucia\.m2\repository\org\springframework\boot\spring-boot-starter-tomcat\3.3.11\spring-boot-starter-tomcat-3.3.11.jar;C:\Users\lucia\.m2\repository\org\apache\tomcat\embed\tomcat-embed-core\10.1.40\tomcat-embed-core-10.1.40.jar;C:\Users\lucia\.m2\repository\org\apache\tomcat\embed\tomcat-embed-el\10.1.40\tomcat-embed-el-10.1.40.jar;C:\Users\lucia\.m2\repository\org\apache\tomcat\embed\tomcat-embed-websocket\10.1.40\tomcat-embed-websocket-10.1.40.jar;C:\Users\lucia\.m2\repository\org\springframework\spring-web\6.1.19\spring-web-6.1.19.jar;C:\Users\lucia\.m2\repository\io\micrometer\micrometer-observation\1.13.13\micrometer-observation-1.13.13.jar;C:\Users\lucia\.m2\repository\io\micrometer\micrometer-commons\1.13.13\micrometer-commons-1.13.13.jar;C:\Users\lucia\.m2\repository\org\springframework\spring-webmvc\6.1.19\spring-webmvc-6.1.19.jar;C:\Users\lucia\.m2\repository\org\springframework\spring-expression\6.1.19\spring-expression-6.1.19.jar;C:\Users\lucia\.m2\repository\com\h2database\h2\2.2.224\h2-2.2.224.jar;C:\Users\lucia\.m2\repository\org\springframework\boot\spring-boot-starter-test\3.3.11\spring-boot-starter-test-3.3.11.jar;C:\Users\lucia\.m2\repository\org\springframework\boot\spring-boot-test\3.3.11\spring-boot-test-3.3.11.jar;C:\Users\lucia\.m2\repository\org\springframework\boot\spring-boot-test-autoconfigure\3.3.11\spring-boot-test-autoconfigure-3.3.11.jar;C:\Users\lucia\.m2\repository\com\jayway\jsonpath\json-path\2.9.0\json-path-2.9.0.jar;C:\Users\lucia\.m2\repository\jakarta\xml\bind\jakarta.xml.bind-api\4.0.2\jakarta.xml.bind-api-4.0.2.jar;C:\Users\lucia\.m2\repository\jakarta\activation\jakarta.activation-api\2.1.3\jakarta.activation-api-2.1.3.jar;C:\Users\lucia\.m2\repository\net\minidev\json-smart\2.5.2\json-smart-2.5.2.jar;C:\Users\lucia\.m2\repository\net\minidev\accessors-smart\2.5.2\accessors-smart-2.5.2.jar;C:\Users\lucia\.m2\repository\org\ow2\asm\asm\9.7.1\asm-9.7.1.jar;C:\Users\lucia\.m2\repository\org\assertj\assertj-core\3.25.3\assertj-core-3.25.3.jar;C:\Users\lucia\.m2\repository\org\awaitility\awaitility\4.2.2\awaitility-4.2.2.jar;C:\Users\lucia\.m2\repository\org\hamcrest\hamcrest\2.2\hamcrest-2.2.jar;C:\Users\lucia\.m2\repository\org\junit\jupiter\junit-jupiter\5.10.5\junit-jupiter-5.10.5.jar;C:\Users\lucia\.m2\repository\org\junit\jupiter\junit-jupiter-api\5.10.5\junit-jupiter-api-5.10.5.jar;C:\Users\lucia\.m2\repository\org\opentest4j\opentest4j\1.3.0\opentest4j-1.3.0.jar;C:\Users\lucia\.m2\repository\org\junit\platform\junit-platform-commons\1.10.5\junit-platform-commons-1.10.5.jar;C:\Users\lucia\.m2\repository\org\apiguardian\apiguardian-api\1.1.2\apiguardian-api-1.1.2.jar;C:\Users\lucia\.m2\repository\org\junit\jupiter\junit-jupiter-params\5.10.5\junit-jupiter-params-5.10.5.jar;C:\Users\lucia\.m2\repository\org\junit\jupiter\junit-jupiter-engine\5.10.5\junit-jupiter-engine-5.10.5.jar;C:\Users\lucia\.m2\repository\org\junit\platform\junit-platform-engine\1.10.5\junit-platform-engine-1.10.5.jar;C:\Users\lucia\.m2\repository\org\mockito\mockito-core\5.11.0\mockito-core-5.11.0.jar;C:\Users\lucia\.m2\repository\net\bytebuddy\byte-buddy-agent\1.14.19\byte-buddy-agent-1.14.19.jar;C:\Users\lucia\.m2\repository\org\objenesis\objenesis\3.3\objenesis-3.3.jar;C:\Users\lucia\.m2\repository\org\mockito\mockito-junit-jupiter\5.11.0\mockito-junit-jupiter-5.11.0.jar;C:\Users\lucia\.m2\repository\org\skyscreamer\jsonassert\1.5.3\jsonassert-1.5.3.jar;C:\Users\lucia\.m2\repository\com\vaadin\external\google\android-json\0.0.20131108.vaadin1\android-json-0.0.20131108.vaadin1.jar;C:\Users\lucia\.m2\repository\org\springframework\spring-core\6.1.19\spring-core-6.1.19.jar;C:\Users\lucia\.m2\repository\org\springframework\spring-jcl\6.1.19\spring-jcl-6.1.19.jar;C:\Users\lucia\.m2\repository\org\springframework\spring-test\6.1.19\spring-test-6.1.19.jar;C:\Users\lucia\.m2\repository\org\xmlunit\xmlunit-core\2.9.1\xmlunit-core-2.9.1.jar;C:\Users\lucia\.m2\repository\org\projectlombok\lombok\1.18.32\lombok-1.18.32.jar;C:\Users\lucia\.m2\repository\jakarta\validation\jakarta.validation-api\3.0.2\jakarta.validation-api-3.0.2.jar;"/>
    <property name="sun.cpu.endian" value="little"/>
    <property name="user.home" value="C:\Users\lucia"/>
    <property name="user.language" value="en"/>
    <property name="java.specification.vendor" value="Oracle Corporation"/>
    <property name="java.version.date" value="2024-10-15"/>
    <property name="java.home" value="C:\Users\lucia\.jdks\openjdk-23.0.1"/>
    <property name="file.separator" value="\"/>
    <property name="basedir" value="D:\MPP\SiemensJava2025"/>
    <property name="java.vm.compressedOopsMode" value="32-bit"/>
    <property name="line.separator" value="&#10;"/>
    <property name="java.vm.specification.vendor" value="Oracle Corporation"/>
    <property name="java.specification.name" value="Java Platform API Specification"/>
    <property name="FILE_LOG_CHARSET" value="UTF-8"/>
    <property name="java.awt.headless" value="true"/>
    <property name="surefire.real.class.path" value="C:\Users\lucia\AppData\Local\Temp\surefire12176968183508818308\surefirebooter-20250511230018307_3.jar"/>
    <property name="user.script" value=""/>
    <property name="sun.management.compiler" value="HotSpot 64-Bit Tiered Compilers"/>
    <property name="java.runtime.version" value="23.0.1+11-39"/>
    <property name="user.name" value="lucia"/>
    <property name="stdout.encoding" value="Cp1250"/>
    <property name="path.separator" value=";"/>
    <property name="os.version" value="10.0"/>
    <property name="java.runtime.name" value="OpenJDK Runtime Environment"/>
    <property name="file.encoding" value="UTF-8"/>
    <property name="java.vm.name" value="OpenJDK 64-Bit Server VM"/>
    <property name="localRepository" value="C:\Users\lucia\.m2\repository"/>
    <property name="java.vendor.url.bug" value="https://bugreport.java.com/bugreport/"/>
    <property name="java.io.tmpdir" value="C:\Users\lucia\AppData\Local\Temp\"/>
    <property name="idea.version" value="2024.2.4"/>
    <property name="com.zaxxer.hikari.pool_number" value="1"/>
    <property name="java.version" value="23.0.1"/>
    <property name="user.dir" value="D:\MPP\SiemensJava2025"/>
    <property name="os.arch" value="amd64"/>
    <property name="java.vm.specification.name" value="Java Virtual Machine Specification"/>
    <property name="PID" value="12220"/>
    <property name="sun.os.patch.level" value=""/>
    <property name="CONSOLE_LOG_CHARSET" value="UTF-8"/>
    <property name="native.encoding" value="Cp1250"/>
    <property name="java.library.path" value="C:\Users\lucia\.jdks\openjdk-23.0.1\bin;C:\WINDOWS\Sun\Java\bin;C:\WINDOWS\system32;C:\WINDOWS;C:\Program Files\Common Files\Oracle\Java\javapath;C:\Program Files (x86)\Common Files\Oracle\Java\java8path;C:\Windows\system32;C:\Windows;C:\Windows\System32\Wbem;C:\Windows\System32\WindowsPowerShell\v1.0\;C:\Windows\System32\OpenSSH\;C:\TDM-GCC-32\bin;C:\WINDOWS\system32;C:\WINDOWS;C:\WINDOWS\System32\Wbem;C:\WINDOWS\System32\WindowsPowerShell\v1.0\;C:\WINDOWS\System32\OpenSSH\;C:\Program Files\dotnet\;C:\WINDOWS\system32;C:\WINDOWS;C:\WINDOWS\System32\Wbem;C:\WINDOWS\System32\WindowsPowerShell\v1.0\;C:\WINDOWS\System32\OpenSSH\;C:\Program Files\GitHub CLI\;C:\Program Files (x86)\Windows Kits\8.1\Windows Performance Toolkit\;C:\Program Files\MATLAB\R2021b\runtime\win64;C:\Program Files\MATLAB\R2021b\bin;C:\Program Files (x86)\Microsoft SQL Server\160\Tools\Binn\;C:\Program Files\Microsoft SQL Server\160\Tools\Binn\;C:\Program Files\Microsoft SQL Server\Client SDK\ODBC\170\Tools\Binn\;C:\Program Files\Microsoft SQL Server\160\DTS\Binn\;C:\Program Files (x86)\Microsoft SQL Server\160\DTS\Binn\;C:\Program Files\Git\cmd;C:\Program Files (x86)\Windows Kits\10\Windows Performance Toolkit\;C:\Program Files\PuTTY\;C:\Users\lucia\.jdks\openjdk-23.0.1\bin;C:\Program Files\Java\jdk-23\bin;;C:\Program Files\NVIDIA Corporation\NVIDIA app\NvDLISR;C:\Program Files (x86)\NVIDIA Corporation\PhysX\Common;C:\Users\lucia\AppData\Local\Microsoft\WindowsApps;C:\Program Files\JetBrains\PyCharm 2023.2.2\bin;C:\Users\lucia\AppData\Local\GitHubDesktop\bin;C:\Users\lucia\.dotnet\tools;C:\Program Files\JetBrains\IntelliJ IDEA 2024.2.3\bin;C:\Users\lucia\AppData\Local\JetBrains\Toolbox\scripts;C:\Users\lucia\.dotnet\tools;C:\Users\lucia\AppData\Local\Microsoft\WindowsApps;D:\Microsoft VS Code\bin;D:\cursor\resources\app\bin;C:\Users\lucia\AppData\Local\Programs\mongosh\;."/>
    <property name="java.vm.info" value="mixed mode, sharing"/>
    <property name="stderr.encoding" value="Cp1250"/>
    <property name="java.vendor" value="Oracle Corporation"/>
    <property name="java.vm.version" value="23.0.1+11-39"/>
    <property name="sun.io.unicode.encoding" value="UnicodeLittle"/>
    <property name="java.class.version" value="67.0"/>
    <property name="LOGGED_APPLICATION_NAME" value="[internship] "/>
  </properties>
  <testcase name="testGetItemById" classname="com.siemens.internship.InternshipApplicationTests" time="1.28">
    <system-out><![CDATA[23:00:20.924 [main] INFO org.springframework.test.context.support.AnnotationConfigContextLoaderUtils -- Could not detect default configuration classes for test class [com.siemens.internship.InternshipApplicationTests]: InternshipApplicationTests does not declare any static, non-private, non-final, nested classes annotated with @Configuration.
23:00:21.378 [main] INFO org.springframework.boot.test.context.SpringBootTestContextBootstrapper -- Found @SpringBootConfiguration com.siemens.internship.InternshipApplication for test class com.siemens.internship.InternshipApplicationTests

  .   ____          _            __ _ _
 /\\ / ___'_ __ _ _(_)_ __  __ _ \ \ \ \
( ( )\___ | '_ | '_| | '_ \/ _` | \ \ \ \
 \\/  ___)| |_)| | | | | || (_| |  ) ) ) )
  '  |____| .__|_| |_|_| |_\__, | / / / /
 =========|_|==============|___/=/_/_/_/

 :: Spring Boot ::               (v3.3.11)

2025-05-11T23:00:22.663+03:00  INFO 12220 --- [internship] [           main] c.s.i.InternshipApplicationTests         : Starting InternshipApplicationTests using Java 23.0.1 with PID 12220 (started by lucia in D:\MPP\SiemensJava2025)
2025-05-11T23:00:22.666+03:00  INFO 12220 --- [internship] [           main] c.s.i.InternshipApplicationTests         : No active profile set, falling back to 1 default profile: "default"
2025-05-11T23:00:24.326+03:00  INFO 12220 --- [internship] [           main] .s.d.r.c.RepositoryConfigurationDelegate : Bootstrapping Spring Data JPA repositories in DEFAULT mode.
2025-05-11T23:00:24.441+03:00  INFO 12220 --- [internship] [           main] .s.d.r.c.RepositoryConfigurationDelegate : Finished Spring Data repository scanning in 101 ms. Found 1 JPA repository interface.
2025-05-11T23:00:25.372+03:00  INFO 12220 --- [internship] [           main] o.hibernate.jpa.internal.util.LogHelper  : HHH000204: Processing PersistenceUnitInfo [name: default]
2025-05-11T23:00:25.537+03:00  INFO 12220 --- [internship] [           main] org.hibernate.Version                    : HHH000412: Hibernate ORM core version 6.5.3.Final
2025-05-11T23:00:25.611+03:00  INFO 12220 --- [internship] [           main] o.h.c.internal.RegionFactoryInitiator    : HHH000026: Second-level cache disabled
2025-05-11T23:00:26.250+03:00  INFO 12220 --- [internship] [           main] o.s.o.j.p.SpringPersistenceUnitInfo      : No LoadTimeWeaver setup: ignoring JPA class transformer
2025-05-11T23:00:26.336+03:00  INFO 12220 --- [internship] [           main] com.zaxxer.hikari.HikariDataSource       : HikariPool-1 - Starting...
2025-05-11T23:00:26.669+03:00  INFO 12220 --- [internship] [           main] com.zaxxer.hikari.pool.HikariPool        : HikariPool-1 - Added connection conn0: url=jdbc:h2:mem:testdb user=SA
2025-05-11T23:00:26.672+03:00  INFO 12220 --- [internship] [           main] com.zaxxer.hikari.HikariDataSource       : HikariPool-1 - Start completed.
2025-05-11T23:00:28.273+03:00  INFO 12220 --- [internship] [           main] o.h.e.t.j.p.i.JtaPlatformInitiator       : HHH000489: No JTA platform available (set 'hibernate.transaction.jta.platform' to enable JTA platform integration)
2025-05-11T23:00:28.332+03:00  INFO 12220 --- [internship] [           main] j.LocalContainerEntityManagerFactoryBean : Initialized JPA EntityManagerFactory for persistence unit 'default'
2025-05-11T23:00:29.145+03:00  INFO 12220 --- [internship] [           main] o.s.d.j.r.query.QueryEnhancerFactory     : Hibernate is in classpath; If applicable, HQL parser will be used.
2025-05-11T23:00:30.496+03:00  WARN 12220 --- [internship] [           main] JpaBaseConfiguration$JpaWebConfiguration : spring.jpa.open-in-view is enabled by default. Therefore, database queries may be performed during view rendering. Explicitly configure spring.jpa.open-in-view to disable this warning
2025-05-11T23:00:30.630+03:00  INFO 12220 --- [internship] [           main] o.s.v.b.OptionalValidatorFactoryBean     : Failed to set up a Bean Validation provider: jakarta.validation.NoProviderFoundException: Unable to create a Configuration, because no Jakarta Bean Validation provider could be found. Add a provider like Hibernate Validator (RI) to your classpath.
2025-05-11T23:00:31.322+03:00  INFO 12220 --- [internship] [           main] o.s.b.a.h2.H2ConsoleAutoConfiguration    : H2 console available at '/h2-console'. Database available at 'jdbc:h2:mem:testdb'
2025-05-11T23:00:31.479+03:00  INFO 12220 --- [internship] [           main] c.s.i.InternshipApplicationTests         : Started InternshipApplicationTests in 9.611 seconds (process running for 12.81)
]]></system-out>
    <system-err><![CDATA[WARNING: A Java agent has been loaded dynamically (C:\Users\lucia\.m2\repository\net\bytebuddy\byte-buddy-agent\1.14.19\byte-buddy-agent-1.14.19.jar)
WARNING: If a serviceability tool is in use, please run with -XX:+EnableDynamicAgentLoading to hide this warning
WARNING: If a serviceability tool is not in use, please run with -Djdk.instrument.traceUsage for more information
WARNING: Dynamic loading of agents will be disallowed by default in a future release
]]></system-err>
  </testcase>
  <testcase name="testFindAll" classname="com.siemens.internship.InternshipApplicationTests" time="0.04"/>
  <testcase name="testSave" classname="com.siemens.internship.InternshipApplicationTests" time="0.045"/>
  <testcase name="testGetAllItems" classname="com.siemens.internship.InternshipApplicationTests" time="0.023"/>
  <testcase name="testUpdateItem" classname="com.siemens.internship.InternshipApplicationTests" time="0.032"/>
  <testcase name="testItemRepository" classname="com.siemens.internship.InternshipApplicationTests" time="0.146"/>
  <testcase name="testFindById" classname="com.siemens.internship.InternshipApplicationTests" time="0.018"/>
  <testcase name="testCreateItem" classname="com.siemens.internship.InternshipApplicationTests" time="0.02"/>
  <testcase name="testDeleteNonExistingItem" classname="com.siemens.internship.InternshipApplicationTests" time="0.014"/>
  <testcase name="testItemEntity" classname="com.siemens.internship.InternshipApplicationTests" time="0.015"/>
  <testcase name="testDeleteById" classname="com.siemens.internship.InternshipApplicationTests" time="0.166"/>
  <testcase name="testDeleteItem" classname="com.siemens.internship.InternshipApplicationTests" time="0.027"/>
  <testcase name="testUpdateNonExistingItem" classname="com.siemens.internship.InternshipApplicationTests" time="0.019"/>
</testsuite>